<?xml version="1.0" encoding="UTF-8"?>
<!-- Generated by org.testng.reporters.JUnitReportReporter -->
<testsuite skipped="0" hostname="dell" name="com.testing.Testing1" tests="5" failures="0" timestamp="15 Sep 2019 17:38:14 GMT" time="0.014" errors="0">
  <testcase name="f" time="0.001" classname="com.testing.Testing1"/>
  <testcase name="f" time="0.004" classname="com.testing.Testing1"/>
  <testcase name="test2" time="0.004" classname="com.testing.Testing1"/>
  <testcase name="test3" time="0.003" classname="com.testing.Testing1"/>
  <testcase name="test1" time="0.002" classname="com.testing.Testing1"/>
</testsuite> <!-- com.testing.Testing1 -->
